<?xml version="1.0" encoding="UTF-8"?>
<!-- Generated by org.testng.reporters.JUnitReportReporter -->
<testsuite hostname="LTIN193301" failures="0" tests="1" name="tests.HotelsSearchPageTest" time="0.259" errors="0" timestamp="2024-03-29T15:54:11 IST" skipped="0">
  <testcase classname="tests.HotelsSearchPageTest" name="validateTitle" time="0.259"/>
  <system-out/>
</testsuite> <!-- tests.HotelsSearchPageTest -->
