<?xml version="1.0" encoding="UTF-8"?>
<!-- Generated by org.testng.reporters.JUnitReportReporter -->
<testsuite hostname="LTIN193301" failures="0" tests="5" name="tests.CruisesSearchPageTest" time="9.167" errors="0" timestamp="2024-04-02T10:21:38 IST" skipped="0">
  <testcase classname="tests.CruisesSearchPageTest" name="moveToCruisePage" time="3.149"/>
  <system-out/>
  <testcase classname="tests.CruisesSearchPageTest" name="testWebPage" time="2.593"/>
  <system-out/>
  <testcase classname="tests.CruisesSearchPageTest" name="testCruiseSelection" time="2.377"/>
  <system-out/>
  <testcase classname="tests.CruisesSearchPageTest" name="findShipDetails" time="0.446"/>
  <system-out/>
  <testcase classname="tests.CruisesSearchPageTest" name="getShipDetails" time="0.602"/>
  <system-out/>
</testsuite> <!-- tests.CruisesSearchPageTest -->
