<?xml version="1.0" encoding="UTF-8"?>
<!-- Generated by org.testng.reporters.JUnitReportReporter -->
<testsuite hostname="LTIN193301" failures="0" tests="6" name="tests.HotelsSearchPageTest" time="16.635" errors="0" timestamp="2024-04-01T14:55:54 IST" skipped="0">
  <testcase classname="tests.HotelsSearchPageTest" name="validateTitle" time="0.286"/>
  <system-out/>
  <testcase classname="tests.HotelsSearchPageTest" name="sortHotels" time="1.327"/>
  <system-out/>
  <testcase classname="tests.HotelsSearchPageTest" name="selectPropertyType" time="3.202"/>
  <system-out/>
  <testcase classname="tests.HotelsSearchPageTest" name="selectAmenty" time="5.631"/>
  <system-out/>
  <testcase classname="tests.HotelsSearchPageTest" name="displayPrices" time="1.961"/>
  <system-out/>
  <testcase classname="tests.HotelsSearchPageTest" name="moveToHomePage" time="4.228"/>
  <system-out/>
</testsuite> <!-- tests.HotelsSearchPageTest -->
