<?xml version="1.0" encoding="UTF-8"?>
<!-- Generated by org.testng.reporters.JUnitReportReporter -->
<testsuite hostname="LTIN193301" failures="0" tests="5" name="tests.HomePageTest" time="56.900" errors="0" timestamp="2024-04-02T10:21:38 IST" skipped="0">
  <testcase classname="tests.HomePageTest" name="testOpenBrowser" time="0.263"/>
  <system-out/>
  <testcase classname="tests.HomePageTest" name="testSelectedDestination" time="3.632"/>
  <system-out/>
  <testcase classname="tests.HomePageTest" name="testCheckInDate" time="0.922"/>
  <system-out/>
  <testcase classname="tests.HomePageTest" name="testGuestsAndRooms" time="51.455"/>
  <system-out/>
  <testcase classname="tests.HomePageTest" name="testSearchButton" time="0.628"/>
  <system-out/>
</testsuite> <!-- tests.HomePageTest -->
