<?xml version="1.0" encoding="UTF-8"?>
<!-- Generated by org.testng.reporters.JUnitReportReporter -->
<testsuite hostname="LTIN193301" failures="0" tests="12" name="tests.HotelsSearchPageTest" time="43.220" errors="0" timestamp="2024-04-04T02:50:48 IST" skipped="0">
  <testcase classname="tests.HotelsSearchPageTest" name="testHotelSearchPageTitle" time="0.389"/>
  <system-out/>
  <testcase classname="tests.HotelsSearchPageTest" name="testHotelSearchPageTitle" time="0.334"/>
  <system-out/>
  <testcase classname="tests.HotelsSearchPageTest" name="sortHotels" time="1.309"/>
  <system-out/>
  <testcase classname="tests.HotelsSearchPageTest" name="sortHotels" time="1.309"/>
  <system-out/>
  <testcase classname="tests.HotelsSearchPageTest" name="selectPropertyType" time="5.169"/>
  <system-out/>
  <testcase classname="tests.HotelsSearchPageTest" name="selectPropertyType" time="11.762"/>
  <system-out/>
  <testcase classname="tests.HotelsSearchPageTest" name="selectAmenity" time="5.478"/>
  <system-out/>
  <testcase classname="tests.HotelsSearchPageTest" name="selectAmenity" time="5.581"/>
  <system-out/>
  <testcase classname="tests.HotelsSearchPageTest" name="moveToHomePage" time="5.556"/>
  <system-out/>
  <testcase classname="tests.HotelsSearchPageTest" name="getHotelsDetails" time="0.667"/>
  <system-out/>
  <testcase classname="tests.HotelsSearchPageTest" name="moveToHomePage" time="4.199"/>
  <system-out/>
  <testcase classname="tests.HotelsSearchPageTest" name="getHotelsDetails" time="1.467"/>
  <system-out/>
</testsuite> <!-- tests.HotelsSearchPageTest -->
