<?xml version="1.0" encoding="UTF-8"?>
<!-- Generated by org.testng.reporters.JUnitReportReporter -->
<testsuite hostname="LTIN193301" failures="0" tests="5" name="tests.CruisesSearchPageTest" time="8.052" errors="0" timestamp="2024-04-01T14:55:54 IST" skipped="0">
  <testcase classname="tests.CruisesSearchPageTest" name="moveToCruisePage" time="2.081"/>
  <system-out/>
  <testcase classname="tests.CruisesSearchPageTest" name="testWebPage" time="2.243"/>
  <system-out/>
  <testcase classname="tests.CruisesSearchPageTest" name="testCruiseSelection" time="0.509"/>
  <system-out/>
  <testcase classname="tests.CruisesSearchPageTest" name="findShipDetails" time="1.098"/>
  <system-out/>
  <testcase classname="tests.CruisesSearchPageTest" name="getShipDetails" time="2.121"/>
  <system-out/>
</testsuite> <!-- tests.CruisesSearchPageTest -->
