<?xml version="1.0" encoding="UTF-8"?>
<!-- Generated by org.testng.reporters.JUnitReportReporter -->
<testsuite hostname="LTIN193301" failures="0" tests="5" name="tests.HomePageTest" time="18.628" errors="0" timestamp="2024-04-01T14:55:54 IST" skipped="0">
  <testcase classname="tests.HomePageTest" name="testOpenBrowser" time="0.305"/>
  <system-out/>
  <testcase classname="tests.HomePageTest" name="testSelectedDestination" time="2.890"/>
  <system-out/>
  <testcase classname="tests.HomePageTest" name="testCheckInDate" time="1.756"/>
  <system-out/>
  <testcase classname="tests.HomePageTest" name="testGuestsAndRooms" time="1.146"/>
  <system-out/>
  <testcase classname="tests.HomePageTest" name="testSearchButton" time="12.531"/>
  <system-out/>
</testsuite> <!-- tests.HomePageTest -->
