<?xml version="1.0" encoding="UTF-8"?>
<!-- Generated by org.testng.reporters.JUnitReportReporter -->
<testsuite hostname="LTIN193301" failures="0" tests="5" name="tests.HomePageTest" time="13.982" errors="0" timestamp="2024-03-29T15:54:11 IST" skipped="0">
  <testcase classname="tests.HomePageTest" name="testOpenBrowser" time="0.308"/>
  <system-out/>
  <testcase classname="tests.HomePageTest" name="testSelectedDestination" time="2.132"/>
  <system-out/>
  <testcase classname="tests.HomePageTest" name="testCheckInDate" time="1.113"/>
  <system-out/>
  <testcase classname="tests.HomePageTest" name="testGuestsAndRooms" time="0.201"/>
  <system-out/>
  <testcase classname="tests.HomePageTest" name="testSearchButton" time="10.228"/>
  <system-out/>
</testsuite> <!-- tests.HomePageTest -->
