<?xml version="1.0" encoding="UTF-8"?>
<!-- Generated by org.testng.reporters.JUnitReportReporter -->
<testsuite hostname="LTIN193301" failures="0" tests="12" name="tests.HomePageTest" time="114.968" errors="0" timestamp="2024-04-04T15:49:50 IST" skipped="0">
  <testcase classname="tests.HomePageTest" name="testHomePageTitle" time="0.221"/>
  <system-out/>
  <testcase classname="tests.HomePageTest" name="testHomePageTitle" time="0.359"/>
  <system-out/>
  <testcase classname="tests.HomePageTest" name="testSelectedDestination" time="2.558"/>
  <system-out/>
  <testcase classname="tests.HomePageTest" name="testSelectedDestination" time="3.200"/>
  <system-out/>
  <testcase classname="tests.HomePageTest" name="testCheckInDate" time="0.540"/>
  <system-out/>
  <testcase classname="tests.HomePageTest" name="testCheckInDate" time="0.445"/>
  <system-out/>
  <testcase classname="tests.HomePageTest" name="testCheckOutDate" time="0.645"/>
  <system-out/>
  <testcase classname="tests.HomePageTest" name="testCheckOutDate" time="1.020"/>
  <system-out/>
  <testcase classname="tests.HomePageTest" name="testGuestsAndRooms" time="0.851"/>
  <system-out/>
  <testcase classname="tests.HomePageTest" name="testGuestsAndRooms" time="0.570"/>
  <system-out/>
  <testcase classname="tests.HomePageTest" name="testSearchButton" time="38.553"/>
  <system-out/>
  <testcase classname="tests.HomePageTest" name="testSearchButton" time="66.006"/>
  <system-out/>
</testsuite> <!-- tests.HomePageTest -->
