<?xml version="1.0" encoding="UTF-8"?>
<!-- Generated by org.testng.reporters.JUnitReportReporter -->
<testsuite hostname="LTIN193301" failures="0" tests="12" name="tests.HotelsSearchPageTest" time="85.548" errors="0" timestamp="2024-04-04T15:49:50 IST" skipped="0">
  <testcase classname="tests.HotelsSearchPageTest" name="testHotelSearchPageTitle" time="0.210"/>
  <system-out/>
  <testcase classname="tests.HotelsSearchPageTest" name="testHotelSearchPageTitle" time="0.182"/>
  <system-out/>
  <testcase classname="tests.HotelsSearchPageTest" name="sortHotels" time="0.677"/>
  <system-out/>
  <testcase classname="tests.HotelsSearchPageTest" name="sortHotels" time="0.819"/>
  <system-out/>
  <testcase classname="tests.HotelsSearchPageTest" name="selectPropertyType" time="1.109"/>
  <system-out/>
  <testcase classname="tests.HotelsSearchPageTest" name="selectPropertyType" time="1.275"/>
  <system-out/>
  <testcase classname="tests.HotelsSearchPageTest" name="selectAmenity" time="3.563"/>
  <system-out/>
  <testcase classname="tests.HotelsSearchPageTest" name="selectAmenity" time="3.894"/>
  <system-out/>
  <testcase classname="tests.HotelsSearchPageTest" name="moveToHomePage" time="35.598"/>
  <system-out/>
  <testcase classname="tests.HotelsSearchPageTest" name="getHotelsDetails" time="2.222"/>
  <system-out/>
  <testcase classname="tests.HotelsSearchPageTest" name="getHotelsDetails" time="2.316"/>
  <system-out/>
  <testcase classname="tests.HotelsSearchPageTest" name="moveToHomePage" time="33.683"/>
  <system-out/>
</testsuite> <!-- tests.HotelsSearchPageTest -->
