<?xml version="1.0" encoding="UTF-8"?>
<!-- Generated by org.testng.reporters.JUnitReportReporter -->
<testsuite hostname="LTIN193301" failures="0" tests="12" name="tests.HomePageTest" time="33.605" errors="0" timestamp="2024-04-04T02:50:48 IST" skipped="0">
  <testcase classname="tests.HomePageTest" name="testHomePageTitle" time="0.427"/>
  <system-out/>
  <testcase classname="tests.HomePageTest" name="testHomePageTitle" time="0.715"/>
  <system-out/>
  <testcase classname="tests.HomePageTest" name="testSelectedDestination" time="2.162"/>
  <system-out/>
  <testcase classname="tests.HomePageTest" name="testSelectedDestination" time="2.338"/>
  <system-out/>
  <testcase classname="tests.HomePageTest" name="testCheckInDate" time="0.689"/>
  <system-out/>
  <testcase classname="tests.HomePageTest" name="testCheckInDate" time="11.819"/>
  <system-out/>
  <testcase classname="tests.HomePageTest" name="testCheckOutDate" time="0.848"/>
  <system-out/>
  <testcase classname="tests.HomePageTest" name="testCheckOutDate" time="0.831"/>
  <system-out/>
  <testcase classname="tests.HomePageTest" name="testGuestsAndRooms" time="1.087"/>
  <system-out/>
  <testcase classname="tests.HomePageTest" name="testGuestsAndRooms" time="1.044"/>
  <system-out/>
  <testcase classname="tests.HomePageTest" name="testSearchButton" time="0.532"/>
  <system-out/>
  <testcase classname="tests.HomePageTest" name="testSearchButton" time="11.113"/>
  <system-out/>
</testsuite> <!-- tests.HomePageTest -->
