<?xml version="1.0" encoding="UTF-8"?>
<!-- Generated by org.testng.reporters.JUnitReportReporter -->
<testsuite hostname="LTIN193301" failures="0" tests="8" name="tests.CruisesSearchPageTest" time="16.377" errors="0" timestamp="2024-04-04T02:50:48 IST" skipped="0">
  <testcase classname="tests.CruisesSearchPageTest" name="moveToCruisePage" time="1.922"/>
  <system-out/>
  <testcase classname="tests.CruisesSearchPageTest" name="moveToCruisePage" time="2.699"/>
  <system-out/>
  <testcase classname="tests.CruisesSearchPageTest" name="testCruiseSelection" time="2.682"/>
  <system-out/>
  <testcase classname="tests.CruisesSearchPageTest" name="testCruiseSelection" time="2.875"/>
  <system-out/>
  <testcase classname="tests.CruisesSearchPageTest" name="findShipDetails" time="2.183"/>
  <system-out/>
  <testcase classname="tests.CruisesSearchPageTest" name="findShipDetails" time="2.157"/>
  <system-out/>
  <testcase classname="tests.CruisesSearchPageTest" name="getShipDetails" time="1.071"/>
  <system-out/>
  <testcase classname="tests.CruisesSearchPageTest" name="getShipDetails" time="0.788"/>
  <system-out/>
</testsuite> <!-- tests.CruisesSearchPageTest -->
