<?xml version="1.0" encoding="UTF-8"?>
<!-- Generated by org.testng.reporters.JUnitReportReporter -->
<testsuite hostname="LTIN193301" failures="0" tests="12" name="tests.HomePageTest" time="80.974" errors="0" timestamp="2024-04-04T03:29:38 IST" skipped="0">
  <testcase classname="tests.HomePageTest" name="testHomePageTitle" time="15.661"/>
  <system-out/>
  <testcase classname="tests.HomePageTest" name="testHomePageTitle" time="0.371"/>
  <system-out/>
  <testcase classname="tests.HomePageTest" name="testSelectedDestination" time="3.097"/>
  <system-out/>
  <testcase classname="tests.HomePageTest" name="testSelectedDestination" time="53.295"/>
  <system-out/>
  <testcase classname="tests.HomePageTest" name="testCheckInDate" time="1.199"/>
  <system-out/>
  <testcase classname="tests.HomePageTest" name="testCheckInDate" time="0.772"/>
  <system-out/>
  <testcase classname="tests.HomePageTest" name="testCheckOutDate" time="1.045"/>
  <system-out/>
  <testcase classname="tests.HomePageTest" name="testCheckOutDate" time="0.905"/>
  <system-out/>
  <testcase classname="tests.HomePageTest" name="testGuestsAndRooms" time="1.692"/>
  <system-out/>
  <testcase classname="tests.HomePageTest" name="testGuestsAndRooms" time="1.144"/>
  <system-out/>
  <testcase classname="tests.HomePageTest" name="testSearchButton" time="0.892"/>
  <system-out/>
  <testcase classname="tests.HomePageTest" name="testSearchButton" time="0.901"/>
  <system-out/>
</testsuite> <!-- tests.HomePageTest -->
