<?xml version="1.0" encoding="UTF-8"?>
<!-- Generated by org.testng.reporters.JUnitReportReporter -->
<testsuite hostname="LTIN193301" failures="0" tests="8" name="tests.CruisesSearchPageTest" time="29.839" errors="0" timestamp="2024-04-04T03:29:38 IST" skipped="0">
  <testcase classname="tests.CruisesSearchPageTest" name="moveToCruisePage" time="3.835"/>
  <system-out/>
  <testcase classname="tests.CruisesSearchPageTest" name="moveToCruisePage" time="2.945"/>
  <system-out/>
  <testcase classname="tests.CruisesSearchPageTest" name="testCruiseSelection" time="4.498"/>
  <system-out/>
  <testcase classname="tests.CruisesSearchPageTest" name="testCruiseSelection" time="3.181"/>
  <system-out/>
  <testcase classname="tests.CruisesSearchPageTest" name="findShipDetails" time="10.256"/>
  <system-out/>
  <testcase classname="tests.CruisesSearchPageTest" name="findShipDetails" time="3.239"/>
  <system-out/>
  <testcase classname="tests.CruisesSearchPageTest" name="getShipDetails" time="0.964"/>
  <system-out/>
  <testcase classname="tests.CruisesSearchPageTest" name="getShipDetails" time="0.921"/>
  <system-out/>
</testsuite> <!-- tests.CruisesSearchPageTest -->
