<?xml version="1.0" encoding="UTF-8"?>
<!-- Generated by org.testng.reporters.JUnitReportReporter -->
<testsuite hostname="LTIN193301" failures="0" tests="12" name="tests.HotelsSearchPageTest" time="63.877" errors="0" timestamp="2024-04-04T03:29:38 IST" skipped="0">
  <testcase classname="tests.HotelsSearchPageTest" name="testHotelSearchPageTitle" time="0.304"/>
  <system-out/>
  <testcase classname="tests.HotelsSearchPageTest" name="testHotelSearchPageTitle" time="0.426"/>
  <system-out/>
  <testcase classname="tests.HotelsSearchPageTest" name="sortHotels" time="1.814"/>
  <system-out/>
  <testcase classname="tests.HotelsSearchPageTest" name="sortHotels" time="1.375"/>
  <system-out/>
  <testcase classname="tests.HotelsSearchPageTest" name="selectPropertyType" time="8.156"/>
  <system-out/>
  <testcase classname="tests.HotelsSearchPageTest" name="selectPropertyType" time="6.868"/>
  <system-out/>
  <testcase classname="tests.HotelsSearchPageTest" name="selectAmenity" time="6.188"/>
  <system-out/>
  <testcase classname="tests.HotelsSearchPageTest" name="selectAmenity" time="5.192"/>
  <system-out/>
  <testcase classname="tests.HotelsSearchPageTest" name="getHotelsDetails" time="0.671"/>
  <system-out/>
  <testcase classname="tests.HotelsSearchPageTest" name="getHotelsDetails" time="25.202"/>
  <system-out/>
  <testcase classname="tests.HotelsSearchPageTest" name="moveToHomePage" time="4.452"/>
  <system-out/>
  <testcase classname="tests.HotelsSearchPageTest" name="moveToHomePage" time="3.229"/>
  <system-out/>
</testsuite> <!-- tests.HotelsSearchPageTest -->
