<?xml version="1.0" encoding="UTF-8"?>
<!-- Generated by org.testng.reporters.JUnitReportReporter -->
<testsuite hostname="LTIN193301" failures="0" tests="5" name="tests.CruisesSearchPageTest" time="14.429" errors="0" timestamp="2024-04-03T14:36:32 IST" skipped="0">
  <testcase classname="tests.CruisesSearchPageTest" name="moveToCruisePage" time="6.809"/>
  <system-out/>
  <testcase classname="tests.CruisesSearchPageTest" name="testWebPage" time="0.686"/>
  <system-out/>
  <testcase classname="tests.CruisesSearchPageTest" name="testCruiseSelection" time="0.684"/>
  <system-out/>
  <testcase classname="tests.CruisesSearchPageTest" name="findShipDetails" time="3.369"/>
  <system-out/>
  <testcase classname="tests.CruisesSearchPageTest" name="getShipDetails" time="2.881"/>
  <system-out/>
</testsuite> <!-- tests.CruisesSearchPageTest -->
